{
  "testId" : "4-scoreboard-layout-on-tablet---safari---os-x",
  "name" : "scoreboard layout on tablet - safari - OS X",
  "report" : {
    "nodes" : [ {
      "name" : "WrappedException: Wrapped org.openqa.selenium.NoSuchWindowException: A request to use a window could not be satisfied because the window could not be found. (WARNING: The server did not provide any stacktrace information)\nCommand duration or timeout: 33 milliseconds\nBuild info: version: '3.0.1', revision: '1969d75', time: '2016-10-18 09:48:19 -0700'\nSystem info: host: 'mac-208-78-110-163.browserstack.com', ip: '208.78.110.163', os.name: 'Mac OS X', os.arch: 'x86_64', os.version: '10.12.6', java.version: '1.8.0_51'\nDriver info: org.openqa.selenium.safari.SafariDriver\nCapabilities [{applicationCacheEnabled=true, rotatable=false, databaseEnabled=true, handlesAlerts=true, version=12603.3.8, cleanSession=true, platform=MAC, nativeEvents=true, locationContextEnabled=false, webStorageEnabled=true, browserName=safari, javascriptEnabled=true, platformName=macOS, cssSelectorsEnabled=true}]\nSession ID: 4BDE532A-D609-4118-A907-B426EA7F6E54\nCommand duration or timeout: 0 milliseconds (<cmd>#229)",
      "status" : "error",
      "time" : 1524844699474,
      "stacktrace" : "org.mozilla.javascript.WrappedException: Wrapped org.openqa.selenium.NoSuchWindowException: A request to use a window could not be satisfied because the window could not be found. (WARNING: The server did not provide any stacktrace information)\nCommand duration or timeout: 33 milliseconds\nBuild info: version: '3.0.1', revision: '1969d75', time: '2016-10-18 09:48:19 -0700'\nSystem info: host: 'mac-208-78-110-163.browserstack.com', ip: '208.78.110.163', os.name: 'Mac OS X', os.arch: 'x86_64', os.version: '10.12.6', java.version: '1.8.0_51'\nDriver info: org.openqa.selenium.safari.SafariDriver\nCapabilities [{applicationCacheEnabled=true, rotatable=false, databaseEnabled=true, handlesAlerts=true, version=12603.3.8, cleanSession=true, platform=MAC, nativeEvents=true, locationContextEnabled=false, webStorageEnabled=true, browserName=safari, javascriptEnabled=true, platformName=macOS, cssSelectorsEnabled=true}]\nSession ID: 4BDE532A-D609-4118-A907-B426EA7F6E54\nCommand duration or timeout: 0 milliseconds (<cmd>#229)\n\tat org.mozilla.javascript.Context.throwAsScriptRuntimeEx(Context.java:1754)\n\tat org.mozilla.javascript.MemberBox.invoke(MemberBox.java:148)\n\tat org.mozilla.javascript.NativeJavaMethod.call(NativeJavaMethod.java:225)\n\tat org.mozilla.javascript.optimizer.OptRuntime.call2(OptRuntime.java:42)\n\tat org.mozilla.javascript.gen._cmd__18._c_resize_23(<cmd>:229)\n\tat org.mozilla.javascript.gen._cmd__18.call(<cmd>)\n\tat org.mozilla.javascript.optimizer.OptRuntime.callName(OptRuntime.java:63)\n\tat org.mozilla.javascript.gen._Users_lantzmbp_Desktop_widgets_galen_testing_tests_scoreboard_remote_test_js_20._c_anonymous_4(/Users/lantzmbp/Desktop/widgets/galen-testing/tests/scoreboard.remote.test.js:31)\n\tat org.mozilla.javascript.gen._Users_lantzmbp_Desktop_widgets_galen_testing_tests_scoreboard_remote_test_js_20.call(/Users/lantzmbp/Desktop/widgets/galen-testing/tests/scoreboard.remote.test.js)\n\tat org.mozilla.javascript.ScriptRuntime.applyOrCall(ScriptRuntime.java:2429)\n\tat org.mozilla.javascript.BaseFunction.execIdCall(BaseFunction.java:269)\n\tat org.mozilla.javascript.IdFunctionObject.call(IdFunctionObject.java:97)\n\tat org.mozilla.javascript.optimizer.OptRuntime.callN(OptRuntime.java:52)\n\tat org.mozilla.javascript.gen._cmd__17._c_invokeFunc_2(<cmd>:35)\n\tat org.mozilla.javascript.gen._cmd__17.call(<cmd>)\n\tat org.mozilla.javascript.optimizer.OptRuntime.callName(OptRuntime.java:63)\n\tat org.mozilla.javascript.gen._cmd__17._c_anonymous_22(<cmd>:280)\n\tat org.mozilla.javascript.gen._cmd__17.call(<cmd>)\n\tat org.mozilla.javascript.ContextFactory.doTopCall(ContextFactory.java:394)\n\tat org.mozilla.javascript.ScriptRuntime.doTopCall(ScriptRuntime.java:3090)\n\tat org.mozilla.javascript.gen._cmd__17.call(<cmd>)\n\tat org.mozilla.javascript.JavaAdapter.doCall(JavaAdapter.java:606)\n\tat org.mozilla.javascript.JavaAdapter.callMethod(JavaAdapter.java:581)\n\tat adapter1.execute(<adapter>)\n\tat com.galenframework.TestRunnable.runTest(TestRunnable.java:75)\n\tat com.galenframework.TestRunnable.run(TestRunnable.java:101)\n\tat java.util.concurrent.ThreadPoolExecutor.runWorker(ThreadPoolExecutor.java:1142)\n\tat java.util.concurrent.ThreadPoolExecutor$Worker.run(ThreadPoolExecutor.java:617)\n\tat java.lang.Thread.run(Thread.java:748)\nCaused by: org.openqa.selenium.NoSuchWindowException: A request to use a window could not be satisfied because the window could not be found. (WARNING: The server did not provide any stacktrace information)\nCommand duration or timeout: 33 milliseconds\nBuild info: version: '3.0.1', revision: '1969d75', time: '2016-10-18 09:48:19 -0700'\nSystem info: host: 'mac-208-78-110-163.browserstack.com', ip: '208.78.110.163', os.name: 'Mac OS X', os.arch: 'x86_64', os.version: '10.12.6', java.version: '1.8.0_51'\nDriver info: org.openqa.selenium.safari.SafariDriver\nCapabilities [{applicationCacheEnabled=true, rotatable=false, databaseEnabled=true, handlesAlerts=true, version=12603.3.8, cleanSession=true, platform=MAC, nativeEvents=true, locationContextEnabled=false, webStorageEnabled=true, browserName=safari, javascriptEnabled=true, platformName=macOS, cssSelectorsEnabled=true}]\nSession ID: 4BDE532A-D609-4118-A907-B426EA7F6E54\nCommand duration or timeout: 0 milliseconds\n\tat sun.reflect.NativeConstructorAccessorImpl.newInstance0(Native Method)\n\tat sun.reflect.NativeConstructorAccessorImpl.newInstance(NativeConstructorAccessorImpl.java:62)\n\tat sun.reflect.DelegatingConstructorAccessorImpl.newInstance(DelegatingConstructorAccessorImpl.java:45)\n\tat java.lang.reflect.Constructor.newInstance(Constructor.java:423)\n\tat org.openqa.selenium.remote.ErrorHandler.createThrowable(ErrorHandler.java:214)\n\tat org.openqa.selenium.remote.ErrorHandler.throwIfResponseFailed(ErrorHandler.java:166)\n\tat org.openqa.selenium.remote.http.JsonHttpResponseCodec.reconstructValue(JsonHttpResponseCodec.java:40)\n\tat org.openqa.selenium.remote.http.AbstractHttpResponseCodec.decode(AbstractHttpResponseCodec.java:80)\n\tat org.openqa.selenium.remote.http.AbstractHttpResponseCodec.decode(AbstractHttpResponseCodec.java:44)\n\tat org.openqa.selenium.remote.HttpCommandExecutor.execute(HttpCommandExecutor.java:164)\n\tat org.openqa.selenium.remote.RemoteWebDriver.execute(RemoteWebDriver.java:601)\n\tat org.openqa.selenium.remote.RemoteWebDriver$RemoteWebDriverOptions$RemoteWindow.setSize(RemoteWebDriver.java:857)\n\tat com.galenframework.utils.GalenUtils.resizeDriver(GalenUtils.java:308)\n\tat com.galenframework.utils.GalenUtils.resizeDriver(GalenUtils.java:300)\n\tat com.galenframework.javascript.GalenJsApi.resizeDriver(GalenJsApi.java:201)\n\tat sun.reflect.NativeMethodAccessorImpl.invoke0(Native Method)\n\tat sun.reflect.NativeMethodAccessorImpl.invoke(NativeMethodAccessorImpl.java:62)\n\tat sun.reflect.DelegatingMethodAccessorImpl.invoke(DelegatingMethodAccessorImpl.java:43)\n\tat java.lang.reflect.Method.invoke(Method.java:498)\n\tat org.mozilla.javascript.MemberBox.invoke(MemberBox.java:126)\n\t... 27 more\nCaused by: org.openqa.selenium.NoSuchWindowException: A request to use a window could not be satisfied because the window could not be found. (WARNING: The server did not provide any stacktrace information)\nCommand duration or timeout: 33 milliseconds\nBuild info: version: '3.0.1', revision: '1969d75', time: '2016-10-18 09:48:19 -0700'\nSystem info: host: 'mac-208-78-110-163.browserstack.com', ip: '208.78.110.163', os.name: 'Mac OS X', os.arch: 'x86_64', os.version: '10.12.6', java.version: '1.8.0_51'\nDriver info: org.openqa.selenium.safari.SafariDriver\nCapabilities [{applicationCacheEnabled=true, rotatable=false, databaseEnabled=true, handlesAlerts=true, version=12603.3.8, cleanSession=true, platform=MAC, nativeEvents=true, locationContextEnabled=false, webStorageEnabled=true, browserName=safari, javascriptEnabled=true, platformName=macOS, cssSelectorsEnabled=true}]\nSession ID: 4BDE532A-D609-4118-A907-B426EA7F6E54\nBuild info: version: 'unknown', revision: 'unknown', time: 'unknown'\nSystem info: host: 'LANTZMBPs-MacBook-Pro.local', ip: 'fe80:0:0:0:850:2220:67b9:1fe%en0', os.name: 'Mac OS X', os.arch: 'x86_64', os.version: '10.13.4', java.version: '1.8.0_131'\nDriver info: driver.version: RemoteWebDriver\n\tat sun.reflect.NativeConstructorAccessorImpl.newInstance0(Native Method)\n\tat sun.reflect.NativeConstructorAccessorImpl.newInstance(NativeConstructorAccessorImpl.java:62)\n\tat sun.reflect.DelegatingConstructorAccessorImpl.newInstance(DelegatingConstructorAccessorImpl.java:45)\n\tat java.lang.reflect.Constructor.newInstance(Constructor.java:422)\n\tat org.openqa.selenium.remote.ErrorHandler.createThrowable(ErrorHandler.java:216)\n\tat org.openqa.selenium.remote.ErrorHandler.throwIfResponseFailed(ErrorHandler.java:168)\n\tat org.openqa.selenium.remote.RemoteWebDriver.execute(RemoteWebDriver.java:635)\n\tat org.openqa.selenium.remote.RemoteWebDriver$RemoteWebDriverOptions$RemoteWindow.setSize(RemoteWebDriver.java:847)\n\tat org.openqa.selenium.support.events.EventFiringWebDriver$EventFiringWindow.setSize(EventFiringWebDriver.java:624)\n\tat org.openqa.selenium.remote.server.handler.SetWindowSize.call(SetWindowSize.java:53)\n\tat org.openqa.selenium.remote.server.handler.SetWindowSize.call(SetWindowSize.java:27)\n\tat java.util.concurrent.FutureTask.run(FutureTask.java:266)\n\tat org.openqa.selenium.remote.server.DefaultSession$1.run(DefaultSession.java:176)\n\tat java.util.concurrent.ThreadPoolExecutor.runWorker(ThreadPoolExecutor.java:1142)\n\tat java.util.concurrent.ThreadPoolExecutor$Worker.run(ThreadPoolExecutor.java:617)\n\tat java.lang.Thread.run(Thread.java:745)\n",
      "type" : "node"
    } ]
  }
}