{
  "testId" : "6-scoreboard-layout-on-desktop---safari---os-x",
  "name" : "scoreboard layout on desktop - safari - OS X",
  "report" : {
    "nodes" : [ {
      "name" : "Click snapshotButton on ScoreboardPage with offset [10, 10]",
      "status" : "info",
      "nodes" : [ {
        "name" : "css: .game-section-container > div.game-section:nth-child(1) > div.event:nth-child(1) > div > div.event-body > div.event-card-buttons > div.scoreboard-button",
        "type" : "text"
      } ],
      "time" : 1524844721802,
      "type" : "node"
    }, {
      "name" : "WrappedException: Wrapped org.openqa.selenium.WebDriverException: Unknown command: {\"id\":\"o88jayios2ws\",\"name\":\"mouseMoveTo\",\"parameters\":{\"element\":\":wdc:1524844721667\",\"xoffset\":10,\"yoffset\":10}} (WARNING: The server did not provide any stacktrace information)\nCommand duration or timeout: 6 milliseconds\nBuild info: version: '2.45.0', revision: '5017cb8e7c', time: '2017-05-30 10:13:13'\nSystem info: host: 'mac-208-52-145-8.browserstack.com', ip: '208.52.145.8', os.name: 'Mac OS X', os.arch: 'x86_64', os.version: '10.8.5', java.version: '1.6.0_65'\nSession ID: null\nDriver info: org.openqa.selenium.safari.SafariDriver\nCapabilities [{platform=MAC, cssSelectorsEnabled=true, javascriptEnabled=true, secureSsl=true, browserName=safari, takesScreenshot=true, version=6.2.8}]\nCommand duration or timeout: 0 milliseconds (<cmd>#426)",
      "status" : "error",
      "time" : 1524844722080,
      "stacktrace" : "org.mozilla.javascript.WrappedException: Wrapped org.openqa.selenium.WebDriverException: Unknown command: {\"id\":\"o88jayios2ws\",\"name\":\"mouseMoveTo\",\"parameters\":{\"element\":\":wdc:1524844721667\",\"xoffset\":10,\"yoffset\":10}} (WARNING: The server did not provide any stacktrace information)\nCommand duration or timeout: 6 milliseconds\nBuild info: version: '2.45.0', revision: '5017cb8e7c', time: '2017-05-30 10:13:13'\nSystem info: host: 'mac-208-52-145-8.browserstack.com', ip: '208.52.145.8', os.name: 'Mac OS X', os.arch: 'x86_64', os.version: '10.8.5', java.version: '1.6.0_65'\nSession ID: null\nDriver info: org.openqa.selenium.safari.SafariDriver\nCapabilities [{platform=MAC, cssSelectorsEnabled=true, javascriptEnabled=true, secureSsl=true, browserName=safari, takesScreenshot=true, version=6.2.8}]\nCommand duration or timeout: 0 milliseconds (<cmd>#426)\n\tat org.mozilla.javascript.Context.throwAsScriptRuntimeEx(Context.java:1754)\n\tat org.mozilla.javascript.MemberBox.invoke(MemberBox.java:148)\n\tat org.mozilla.javascript.NativeJavaMethod.call(NativeJavaMethod.java:225)\n\tat org.mozilla.javascript.optimizer.OptRuntime.callProp0(OptRuntime.java:85)\n\tat org.mozilla.javascript.gen._cmd__19._c_anonymous_39(<cmd>:426)\n\tat org.mozilla.javascript.gen._cmd__19.call(<cmd>)\n\tat org.mozilla.javascript.optimizer.OptRuntime.call2(OptRuntime.java:42)\n\tat org.mozilla.javascript.gen._Users_lantzmbp_Desktop_widgets_galen_testing_tests_scoreboard_remote_test_js_20._c_anonymous_4(/Users/lantzmbp/Desktop/widgets/galen-testing/tests/scoreboard.remote.test.js:33)\n\tat org.mozilla.javascript.gen._Users_lantzmbp_Desktop_widgets_galen_testing_tests_scoreboard_remote_test_js_20.call(/Users/lantzmbp/Desktop/widgets/galen-testing/tests/scoreboard.remote.test.js)\n\tat org.mozilla.javascript.ScriptRuntime.applyOrCall(ScriptRuntime.java:2429)\n\tat org.mozilla.javascript.BaseFunction.execIdCall(BaseFunction.java:269)\n\tat org.mozilla.javascript.IdFunctionObject.call(IdFunctionObject.java:97)\n\tat org.mozilla.javascript.optimizer.OptRuntime.callN(OptRuntime.java:52)\n\tat org.mozilla.javascript.gen._cmd__17._c_invokeFunc_2(<cmd>:35)\n\tat org.mozilla.javascript.gen._cmd__17.call(<cmd>)\n\tat org.mozilla.javascript.optimizer.OptRuntime.callName(OptRuntime.java:63)\n\tat org.mozilla.javascript.gen._cmd__17._c_anonymous_22(<cmd>:280)\n\tat org.mozilla.javascript.gen._cmd__17.call(<cmd>)\n\tat org.mozilla.javascript.ContextFactory.doTopCall(ContextFactory.java:394)\n\tat org.mozilla.javascript.ScriptRuntime.doTopCall(ScriptRuntime.java:3090)\n\tat org.mozilla.javascript.gen._cmd__17.call(<cmd>)\n\tat org.mozilla.javascript.JavaAdapter.doCall(JavaAdapter.java:606)\n\tat org.mozilla.javascript.JavaAdapter.callMethod(JavaAdapter.java:581)\n\tat adapter1.execute(<adapter>)\n\tat com.galenframework.TestRunnable.runTest(TestRunnable.java:75)\n\tat com.galenframework.TestRunnable.run(TestRunnable.java:101)\n\tat java.util.concurrent.ThreadPoolExecutor.runWorker(ThreadPoolExecutor.java:1142)\n\tat java.util.concurrent.ThreadPoolExecutor$Worker.run(ThreadPoolExecutor.java:617)\n\tat java.lang.Thread.run(Thread.java:748)\nCaused by: org.openqa.selenium.WebDriverException: Unknown command: {\"id\":\"o88jayios2ws\",\"name\":\"mouseMoveTo\",\"parameters\":{\"element\":\":wdc:1524844721667\",\"xoffset\":10,\"yoffset\":10}} (WARNING: The server did not provide any stacktrace information)\nCommand duration or timeout: 6 milliseconds\nBuild info: version: '2.45.0', revision: '5017cb8e7c', time: '2017-05-30 10:13:13'\nSystem info: host: 'mac-208-52-145-8.browserstack.com', ip: '208.52.145.8', os.name: 'Mac OS X', os.arch: 'x86_64', os.version: '10.8.5', java.version: '1.6.0_65'\nSession ID: null\nDriver info: org.openqa.selenium.safari.SafariDriver\nCapabilities [{platform=MAC, cssSelectorsEnabled=true, javascriptEnabled=true, secureSsl=true, browserName=safari, takesScreenshot=true, version=6.2.8}]\nCommand duration or timeout: 0 milliseconds\n\tat sun.reflect.NativeConstructorAccessorImpl.newInstance0(Native Method)\n\tat sun.reflect.NativeConstructorAccessorImpl.newInstance(NativeConstructorAccessorImpl.java:62)\n\tat sun.reflect.DelegatingConstructorAccessorImpl.newInstance(DelegatingConstructorAccessorImpl.java:45)\n\tat java.lang.reflect.Constructor.newInstance(Constructor.java:423)\n\tat org.openqa.selenium.remote.ErrorHandler.createThrowable(ErrorHandler.java:214)\n\tat org.openqa.selenium.remote.ErrorHandler.throwIfResponseFailed(ErrorHandler.java:166)\n\tat org.openqa.selenium.remote.http.JsonHttpResponseCodec.reconstructValue(JsonHttpResponseCodec.java:40)\n\tat org.openqa.selenium.remote.http.AbstractHttpResponseCodec.decode(AbstractHttpResponseCodec.java:80)\n\tat org.openqa.selenium.remote.http.AbstractHttpResponseCodec.decode(AbstractHttpResponseCodec.java:44)\n\tat org.openqa.selenium.remote.HttpCommandExecutor.execute(HttpCommandExecutor.java:164)\n\tat org.openqa.selenium.remote.RemoteWebDriver.execute(RemoteWebDriver.java:601)\n\tat org.openqa.selenium.remote.RemoteExecuteMethod.execute(RemoteExecuteMethod.java:35)\n\tat org.openqa.selenium.remote.RemoteMouse.mouseMove(RemoteMouse.java:97)\n\tat org.openqa.selenium.interactions.MoveToOffsetAction.perform(MoveToOffsetAction.java:49)\n\tat org.openqa.selenium.interactions.CompositeAction.perform(CompositeAction.java:36)\n\tat org.openqa.selenium.interactions.Actions$BuiltAction.perform(Actions.java:641)\n\tat sun.reflect.NativeMethodAccessorImpl.invoke0(Native Method)\n\tat sun.reflect.NativeMethodAccessorImpl.invoke(NativeMethodAccessorImpl.java:62)\n\tat sun.reflect.DelegatingMethodAccessorImpl.invoke(DelegatingMethodAccessorImpl.java:43)\n\tat java.lang.reflect.Method.invoke(Method.java:498)\n\tat org.mozilla.javascript.MemberBox.invoke(MemberBox.java:126)\n\t... 27 more\nCaused by: org.openqa.selenium.WebDriverException: Unknown command: {\"id\":\"o88jayios2ws\",\"name\":\"mouseMoveTo\",\"parameters\":{\"element\":\":wdc:1524844721667\",\"xoffset\":10,\"yoffset\":10}} (WARNING: The server did not provide any stacktrace information)\nCommand duration or timeout: 6 milliseconds\nBuild info: version: '2.45.0', revision: '5017cb8e7c', time: '2017-05-30 10:13:13'\nSystem info: host: 'mac-208-52-145-8.browserstack.com', ip: '208.52.145.8', os.name: 'Mac OS X', os.arch: 'x86_64', os.version: '10.8.5', java.version: '1.6.0_65'\nSession ID: null\nDriver info: org.openqa.selenium.safari.SafariDriver\nCapabilities [{platform=MAC, cssSelectorsEnabled=true, javascriptEnabled=true, secureSsl=true, browserName=safari, takesScreenshot=true, version=6.2.8}]\nBuild info: version: 'unknown', revision: 'unknown', time: 'unknown'\nSystem info: host: 'LANTZMBPs-MacBook-Pro.local', ip: 'fe80:0:0:0:850:2220:67b9:1fe%en0', os.name: 'Mac OS X', os.arch: 'x86_64', os.version: '10.13.4', java.version: '1.8.0_131'\nDriver info: driver.version: RemoteWebDriver\n\tat sun.reflect.NativeConstructorAccessorImpl.newInstance0(Native Method)\n\tat sun.reflect.NativeConstructorAccessorImpl.newInstance(NativeConstructorAccessorImpl.java:39)\n\tat sun.reflect.DelegatingConstructorAccessorImpl.newInstance(DelegatingConstructorAccessorImpl.java:27)\n\tat java.lang.reflect.Constructor.newInstance(Constructor.java:513)\n\tat org.openqa.selenium.remote.ErrorHandler.createThrowable(ErrorHandler.java:204)\n\tat org.openqa.selenium.remote.ErrorHandler.throwIfResponseFailed(ErrorHandler.java:156)\n\tat org.openqa.selenium.remote.RemoteWebDriver.execute(RemoteWebDriver.java:599)\n\tat org.openqa.selenium.remote.RemoteExecuteMethod.execute(RemoteExecuteMethod.java:34)\n\tat org.openqa.selenium.remote.RemoteMouse.mouseMove(RemoteMouse.java:96)\n\tat org.openqa.selenium.support.events.internal.EventFiringMouse.mouseMove(EventFiringMouse.java:62)\n\tat org.openqa.selenium.remote.server.handler.interactions.MouseMoveToLocation.call(MouseMoveToLocation.java:56)\n\tat org.openqa.selenium.remote.server.handler.interactions.MouseMoveToLocation.call(MouseMoveToLocation.java:1)\n\tat java.util.concurrent.FutureTask$Sync.innerRun(FutureTask.java:303)\n\tat java.util.concurrent.FutureTask.run(FutureTask.java:138)\n\tat org.openqa.selenium.remote.server.DefaultSession$1.run(DefaultSession.java:168)\n\tat java.util.concurrent.ThreadPoolExecutor$Worker.runTask(ThreadPoolExecutor.java:895)\n\tat java.util.concurrent.ThreadPoolExecutor$Worker.run(ThreadPoolExecutor.java:918)\n\tat java.lang.Thread.run(Thread.java:695)\n",
      "type" : "node"
    } ]
  }
}